Finished.
Vocabulary sizes:
Preparing Data ...
Loading Trained Model ...
Source : 8315Target : 6384
Initial Source : 
1015
Checking Model Outputs:

Example 0 ========

(tensor([[   0,    3,   64,   10,   94, 2485,    4,    1,    2,    2,    2,    2,
            2,    2,    2,    2,    2,    2,    2,    2,    2,    2,    2,    2,
            2,    2,    2,    2,    2,    2,    2,    2,    2,    2,    2,    2,
            2,    2,    2,    2,    2,    2,    2,    2,    2,    2,    2,    2,
            2,    2,    2,    2,    2,    2,    2,    2,    2,    2,    2,    2,
            2,    2,    2,    2,    2,    2,    2,    2,    2,    2,    2,    2,
            2,    2,    2,    2,    2,    2,    2,    2,    2,    2,    2,    2,
            2,    2,    2,    2,    2,    2,    2,    2,    2,    2,    2,    2,
            2,    2,    2,    2,    2,    2,    2,    2,    2,    2,    2,    2,
            2,    2,    2,    2,    2,    2,    2,    2,    2,    2,    2,    2,
            2,    2,    2,    2,    2,    2,    2,    2]]), tensor([[   0, 5053, 1502,   33,  692,   14,  301,    5,    1,    2,    2,    2,
            2,    2,    2,    2,    2,    2,    2,    2,    2,    2,    2,    2,
            2,    2,    2,    2,    2,    2,    2,    2,    2,    2,    2,    2,
            2,    2,    2,    2,    2,    2,    2,    2,    2,    2,    2,    2,
            2,    2,    2,    2,    2,    2,    2,    2,    2,    2,    2,    2,
            2,    2,    2,    2,    2,    2,    2,    2,    2,    2,    2,    2,
            2,    2,    2,    2,    2,    2,    2,    2,    2,    2,    2,    2,
            2,    2,    2,    2,    2,    2,    2,    2,    2,    2,    2,    2,
            2,    2,    2,    2,    2,    2,    2,    2,    2,    2,    2,    2,
            2,    2,    2,    2,    2,    2,    2,    2,    2,    2,    2,    2,
            2,    2,    2,    2,    2,    2,    2,    2]]))
done

Source Text (Input)        : <s> <unk> fährt mit anderen Rollschuh . </s>
Target Text (Ground Truth) : <s> Roller derby girl skating with others . </s>
!greedy decoding output!

Model Output               : <s> <unk> <unk> with others are skating . </s>
